<?xml version="1.0" encoding="UTF-8"?>
<!-- Generated by org.testng.reporters.JUnitReportReporter -->
<testsuite hostname="Pavans-MBP" failures="0" tests="1" name="testcases.CreateProfileTest" time="9.155" errors="0" timestamp="2022-04-21T22:23:49 IST" skipped="0">
  <testcase classname="testcases.CreateProfileTest" name="createProfileTest" time="9.155"/>
</testsuite> <!-- testcases.CreateProfileTest -->
