<?xml version="1.0" encoding="UTF-8"?>
<!-- Generated by org.testng.reporters.JUnitReportReporter -->
<testsuite hostname="Pavans-MBP" failures="0" tests="1" name="testcases.LoginTest" time="9.970" errors="0" timestamp="2022-04-15T21:51:30 IST" skipped="0">
  <testcase classname="testcases.LoginTest" name="loginTest" time="9.970"/>
  <system-out/>
</testsuite> <!-- testcases.LoginTest -->
