<?xml version="1.0" encoding="UTF-8"?>
<!-- Generated by org.testng.reporters.JUnitReportReporter -->
<testsuite hostname="Pavans-MBP" failures="0" tests="1" name="dummy.LoginTest" time="8.230" errors="0" timestamp="2022-04-10T16:06:44 IST" skipped="0">
  <testcase classname="dummy.LoginTest" name="loginTest" time="8.230"/>
  <system-out/>
</testsuite> <!-- dummy.LoginTest -->
