<?xml version="1.0" encoding="UTF-8"?>
<!-- Generated by org.testng.reporters.JUnitReportReporter -->
<testsuite hostname="Pavans-MBP" failures="0" tests="1" name="zoho.tests.LoginTest_2" time="0.009" errors="0" timestamp="2022-04-07T23:35:22 IST" skipped="0">
  <testcase classname="zoho.tests.LoginTest_2" name="loginTest" time="0.009"/>
  <system-out/>
</testsuite> <!-- zoho.tests.LoginTest_2 -->
