<?xml version="1.0" encoding="UTF-8"?>
<!-- Generated by org.testng.reporters.JUnitReportReporter -->
<testsuite hostname="Pavans-MBP" failures="0" tests="1" name="zoho.tests.LoginTest" time="11.143" errors="0" timestamp="2022-04-07T23:28:52 IST" skipped="0">
  <testcase classname="zoho.tests.LoginTest" name="loginTest" time="11.143"/>
  <system-out/>
</testsuite> <!-- zoho.tests.LoginTest -->
