<?xml version="1.0" encoding="UTF-8"?>
<!-- Generated by org.testng.reporters.JUnitReportReporter -->
<testsuite skipped="0" hostname="Pavans-MacBook-Pro.local" name="suitea.TestAA" tests="2" failures="0" timestamp="2022-04-13T14:30:55 IST" time="0.047" errors="0">
  <testcase name="testAA" time="0.015" classname="suitea.TestAA"/>
  <system-out/>
  <testcase name="testAA" time="0.032" classname="suitea.TestAA"/>
  <system-out/>
</testsuite> <!-- suitea.TestAA -->
