<?xml version="1.0" encoding="UTF-8"?>
<!-- Generated by org.testng.reporters.JUnitReportReporter -->
<testsuite skipped="0" hostname="Pavans-MacBook-Pro.local" name="suitec.TestC" tests="2" failures="0" timestamp="2022-04-13T14:30:45 IST" time="0.074" errors="0">
  <testcase name="testC" time="0.065" classname="suitec.TestC"/>
  <system-out/>
  <testcase name="testC" time="0.009" classname="suitec.TestC"/>
  <system-out/>
</testsuite> <!-- suitec.TestC -->
