<?xml version="1.0" encoding="UTF-8"?>
<!-- Generated by org.testng.reporters.JUnitReportReporter -->
<testsuite skipped="0" hostname="Pavans-MacBook-Pro.local" name="suitea.TestA2" tests="1" failures="0" timestamp="2022-04-13T14:23:47 IST" time="0.041" errors="0">
  <testcase name="testA" time="0.041" classname="suitea.TestA2"/>
  <system-out/>
</testsuite> <!-- suitea.TestA2 -->
