<?xml version="1.0" encoding="UTF-8"?>
<!-- Generated by org.testng.reporters.JUnitReportReporter -->
<testsuite skipped="0" hostname="Pavans-MacBook-Pro.local" name="suiteb.TestBB" tests="2" failures="0" timestamp="2022-04-13T14:31:05 IST" time="0.091" errors="0">
  <testcase name="testBB" time="0.035" classname="suiteb.TestBB"/>
  <system-out/>
  <testcase name="testBB" time="0.056" classname="suiteb.TestBB"/>
  <system-out/>
</testsuite> <!-- suiteb.TestBB -->
