<?xml version="1.0" encoding="UTF-8"?>
<!-- Generated by org.testng.reporters.JUnitReportReporter -->
<testsuite skipped="0" hostname="Pavans-MacBook-Pro.local" name="suiteb.TestB" tests="2" failures="0" timestamp="2022-04-13T14:31:10 IST" time="0.050" errors="0">
  <testcase name="testB" time="0.028" classname="suiteb.TestB"/>
  <system-out/>
  <testcase name="testB" time="0.022" classname="suiteb.TestB"/>
  <system-out/>
</testsuite> <!-- suiteb.TestB -->
