<?xml version="1.0" encoding="UTF-8"?>
<!-- Generated by org.testng.reporters.JUnitReportReporter -->
<testsuite hostname="pavans-mbp.home" failures="0" tests="2" name="testcases.rediff.Session" time="14.866" errors="0" timestamp="2022-05-02T02:33:02 CEST" skipped="0">
  <testcase classname="testcases.rediff.Session" name="doLogin" time="8.011"/>
  <system-out/>
  <testcase classname="testcases.rediff.Session" name="doLogin" time="6.855"/>
  <system-out/>
</testsuite> <!-- testcases.rediff.Session -->
