<?xml version="1.0" encoding="UTF-8"?>
<!-- Generated by org.testng.reporters.JUnitReportReporter -->
<testsuite skipped="0" hostname="pavans-mbp.home" name="com.zoho.tests.LoginTest" tests="1" failures="0" timestamp="2022-05-04T09:34:12 CEST" time="8.361" errors="0">
  <testcase name="loginTest" time="8.361" classname="com.zoho.tests.LoginTest"/>
</testsuite> <!-- com.zoho.tests.LoginTest -->
