<?xml version="1.0" encoding="UTF-8"?>
<!-- Generated by org.testng.reporters.JUnitReportReporter -->
<testsuite hostname="pavans-mbp.home" failures="0" tests="2" name="testcases.rediff.PortfolioManagement" time="0.000" errors="0" timestamp="2022-05-06T20:36:59 CEST" skipped="2">
  <testcase classname="testcases.rediff.PortfolioManagement" name="createPortfolio" time="0.000">
    <skipped/>
  </testcase> <!-- createPortfolio -->
  <system-out/>
  <testcase classname="testcases.rediff.PortfolioManagement" name="deletePortfolio" time="0.000">
    <skipped/>
  </testcase> <!-- deletePortfolio -->
  <system-out/>
</testsuite> <!-- testcases.rediff.PortfolioManagement -->
