<?xml version="1.0" encoding="UTF-8"?>
<!-- Generated by org.testng.reporters.JUnitReportReporter -->
<testsuite hostname="pavans-mbp.home" failures="0" tests="1" name="testcases.CreateProfileTest" time="7.403" errors="0" timestamp="2022-04-30T21:01:25 CEST" skipped="0">
  <testcase classname="testcases.CreateProfileTest" name="createProfileTest" time="7.403"/>
  <system-out/>
</testsuite> <!-- testcases.CreateProfileTest -->
