<?xml version="1.0" encoding="UTF-8"?>
<!-- Generated by org.testng.reporters.JUnitReportReporter -->
<testsuite skipped="0" hostname="Pavans-MacBook-Pro.local" name="suitec.TestCC" tests="3" failures="0" timestamp="2022-04-09T11:29:57 IST" time="6.136" errors="0">
  <testcase name="testCC" time="2.047" classname="suitec.TestCC"/>
  <system-out/>
  <testcase name="testCC" time="2.051" classname="suitec.TestCC"/>
  <system-out/>
  <testcase name="testCC" time="2.038" classname="suitec.TestCC"/>
  <system-out/>
</testsuite> <!-- suitec.TestCC -->
