<?xml version="1.0" encoding="UTF-8"?>
<!-- Generated by org.testng.reporters.JUnitReportReporter -->
<testsuite skipped="0" hostname="Pavans-MacBook-Pro.local" name="suiteb.TestBB" tests="2" failures="0" timestamp="2022-04-09T11:30:17 IST" time="4.096" errors="0">
  <testcase name="testBB" time="2.051" classname="suiteb.TestBB"/>
  <system-out/>
  <testcase name="testBB" time="2.045" classname="suiteb.TestBB"/>
  <system-out/>
</testsuite> <!-- suiteb.TestBB -->
