<?xml version="1.0" encoding="UTF-8"?>
<!-- Generated by org.testng.reporters.JUnitReportReporter -->
<testsuite skipped="0" hostname="Pavans-MacBook-Pro.local" name="suitec.TestC" tests="2" failures="0" timestamp="2022-04-09T11:30:12 IST" time="4.123" errors="0">
  <testcase name="testC" time="2.044" classname="suitec.TestC"/>
  <system-out/>
  <testcase name="testC" time="2.079" classname="suitec.TestC"/>
  <system-out/>
</testsuite> <!-- suitec.TestC -->
