<?xml version="1.0" encoding="UTF-8"?>
<!-- Generated by org.testng.reporters.JUnitReportReporter -->
<testsuite skipped="0" hostname="Pavans-MacBook-Pro.local" name="suitea.TestA" tests="2" failures="0" timestamp="2022-04-09T11:29:52 IST" time="4.574" errors="0">
  <testcase name="testA" time="2.512" classname="suitea.TestA"/>
  <system-out/>
  <testcase name="testA" time="2.062" classname="suitea.TestA"/>
  <system-out/>
</testsuite> <!-- suitea.TestA -->
