<?xml version="1.0" encoding="UTF-8"?>
<!-- Generated by org.testng.reporters.JUnitReportReporter -->
<testsuite skipped="0" hostname="Pavans-MacBook-Pro.local" name="suitea.TestAA" tests="2" failures="0" timestamp="2022-04-09T11:30:02 IST" time="4.076" errors="0">
  <testcase name="testAA" time="2.056" classname="suitea.TestAA"/>
  <system-out/>
  <testcase name="testAA" time="2.020" classname="suitea.TestAA"/>
  <system-out/>
</testsuite> <!-- suitea.TestAA -->
