<?xml version="1.0" encoding="UTF-8"?>
<!-- Generated by org.testng.reporters.JUnitReportReporter -->
<testsuite skipped="0" hostname="Pavans-MacBook-Pro.local" name="suiteb.TestB" tests="2" failures="0" timestamp="2022-04-09T11:30:07 IST" time="4.120" errors="0">
  <testcase name="testB" time="2.058" classname="suiteb.TestB"/>
  <system-out/>
  <testcase name="testB" time="2.062" classname="suiteb.TestB"/>
  <system-out/>
</testsuite> <!-- suiteb.TestB -->
