<?xml version="1.0" encoding="UTF-8"?>
<!-- Generated by org.testng.reporters.JUnitReportReporter -->
<testsuite hostname="pavans-mbp.home" failures="0" tests="2" name="testcases.rediff.PortfolioManagement" time="2.797" errors="0" timestamp="2022-05-01T09:47:06 CEST" skipped="0">
  <testcase classname="testcases.rediff.PortfolioManagement" name="createPortfolio" time="2.792"/>
  <system-out/>
  <testcase classname="testcases.rediff.PortfolioManagement" name="deletePortfolio" time="0.005"/>
  <system-out/>
</testsuite> <!-- testcases.rediff.PortfolioManagement -->
