<?xml version="1.0" encoding="UTF-8"?>
<!-- Generated by org.testng.reporters.JUnitReportReporter -->
<testsuite hostname="pavans-mbp.home" failures="0" tests="2" name="testcases.rediff.Session" time="6.145" errors="0" timestamp="2022-05-01T09:47:06 CEST" skipped="0">
  <testcase classname="testcases.rediff.Session" name="doLogin" time="2.645"/>
  <system-out/>
  <testcase classname="testcases.rediff.Session" name="doLogin" time="3.500"/>
  <system-out/>
</testsuite> <!-- testcases.rediff.Session -->
