<?xml version="1.0" encoding="UTF-8"?>
<!-- Generated by org.testng.reporters.JUnitReportReporter -->
<testsuite hostname="Pavans-MBP" failures="0" tests="1" name="dummy.LoginTest" time="0.012" errors="0" timestamp="2022-04-07T21:04:16 IST" skipped="0">
  <testcase classname="dummy.LoginTest" name="loginTest" time="0.012"/>
  <system-out/>
</testsuite> <!-- dummy.LoginTest -->
