<?xml version="1.0" encoding="UTF-8"?>
<!-- Generated by org.testng.reporters.JUnitReportReporter -->
<testsuite hostname="Pavans-MBP" failures="0" tests="1" name="dummy.LoginTest2" time="10.423" errors="0" timestamp="2022-04-07T21:04:45 IST" skipped="0">
  <testcase classname="dummy.LoginTest2" name="loginTest" time="10.423"/>
  <system-out/>
</testsuite> <!-- dummy.LoginTest2 -->
