<?xml version="1.0" encoding="UTF-8"?>
<!-- Generated by org.testng.reporters.JUnitReportReporter -->
<testsuite skipped="0" hostname="Pavans-MacBook-Pro.local" name="suiteb.TestBB" tests="1" failures="0" timestamp="2022-04-09T16:04:53 IST" time="1.058" errors="0">
  <testcase name="testBB" time="1.058" classname="suiteb.TestBB"/>
  <system-out/>
</testsuite> <!-- suiteb.TestBB -->
