<?xml version="1.0" encoding="UTF-8"?>
<!-- Generated by org.testng.reporters.JUnitReportReporter -->
<testsuite skipped="0" hostname="Pavans-MacBook-Pro.local" name="suitea.TestAA" tests="1" failures="0" timestamp="2022-04-09T16:04:38 IST" time="1.057" errors="0">
  <testcase name="testAA" time="1.057" classname="suitea.TestAA"/>
  <system-out/>
</testsuite> <!-- suitea.TestAA -->
