<?xml version="1.0" encoding="UTF-8"?>
<!-- Generated by org.testng.reporters.JUnitReportReporter -->
<testsuite skipped="0" hostname="Pavans-MacBook-Pro.local" name="suitec.TestCC" tests="1" failures="0" timestamp="2022-04-09T16:04:28 IST" time="1.075" errors="0">
  <testcase name="testCC" time="1.075" classname="suitec.TestCC"/>
  <system-out/>
</testsuite> <!-- suitec.TestCC -->
