<?xml version="1.0" encoding="UTF-8"?>
<!-- Generated by org.testng.reporters.JUnitReportReporter -->
<testsuite skipped="0" hostname="Pavans-MacBook-Pro.local" name="suiteb.TestB" tests="1" failures="0" timestamp="2022-04-09T16:04:48 IST" time="1.084" errors="0">
  <testcase name="testB" time="1.084" classname="suiteb.TestB"/>
  <system-out/>
</testsuite> <!-- suiteb.TestB -->
