<?xml version="1.0" encoding="UTF-8"?>
<!-- Generated by org.testng.reporters.JUnitReportReporter -->
<testsuite hostname="Pavans-MacBook-Pro.local" failures="0" tests="1" name="login.LoginTest" time="17.616" errors="0" timestamp="2022-03-12T15:34:28 GMT" skipped="0">
  <testcase classname="login.LoginTest" name="login" time="17.616"/>
  <system-out/>
</testsuite> <!-- login.LoginTest -->
