<?xml version="1.0" encoding="UTF-8"?>
<!-- Generated by org.testng.reporters.JUnitReportReporter -->
<testsuite hostname="Pavans-MacBook-Pro.local" failures="0" tests="1" name="singlescript.DynamicBrowsers" time="13.691" errors="0" timestamp="2022-03-12T14:58:56 GMT" skipped="0">
  <testcase classname="singlescript.DynamicBrowsers" name="launch" time="13.691"/>
  <system-out/>
</testsuite> <!-- singlescript.DynamicBrowsers -->
