<?xml version="1.0" encoding="UTF-8"?>
<!-- Generated by org.testng.reporters.JUnitReportReporter -->
<testsuite hostname="Pavans-MBP" failures="0" tests="1" name="webelementfunctions.DropDown" time="12.042" errors="0" timestamp="2022-03-13T10:39:12 GMT" skipped="0">
  <testcase classname="webelementfunctions.DropDown" name="appTest" time="12.042"/>
  <system-out/>
</testsuite> <!-- webelementfunctions.DropDown -->
