<?xml version="1.0" encoding="UTF-8"?>
<!-- Generated by org.testng.reporters.JUnitReportReporter -->
<testsuite hostname="Pavans-MBP" failures="0" tests="1" name="browsers.SeleniumBasics" time="51.210" errors="0" timestamp="2022-03-12T05:58:14 GMT" skipped="0">
  <testcase classname="browsers.SeleniumBasics" name="testApp" time="51.210"/>
  <system-out/>
</testsuite> <!-- browsers.SeleniumBasics -->
