<?xml version="1.0" encoding="UTF-8"?>
<!-- Generated by org.testng.reporters.JUnitReportReporter -->
<testsuite hostname="Pavans-MBP" failures="0" tests="1" name="webelementfunctions.Zoho" time="8.953" errors="0" timestamp="2022-03-13T09:26:41 GMT" skipped="0">
  <testcase classname="webelementfunctions.Zoho" name="isEnabledCheckBox" time="8.953"/>
  <system-out/>
</testsuite> <!-- webelementfunctions.Zoho -->
