<?xml version="1.0" encoding="UTF-8"?>
<!-- Generated by org.testng.reporters.JUnitReportReporter -->
<testsuite hostname="Pavans-MacBook-Pro.local" failures="0" tests="1" name="optionsandprofiling.FirefoxProfilingAndOptions" time="62.888" errors="0" timestamp="2022-03-12T13:22:47 GMT" skipped="0">
  <testcase classname="optionsandprofiling.FirefoxProfilingAndOptions" name="firefox" time="62.888"/>
  <system-out/>
</testsuite> <!-- optionsandprofiling.FirefoxProfilingAndOptions -->
