<?xml version="1.0" encoding="UTF-8"?>
<!-- Generated by org.testng.reporters.JUnitReportReporter -->
<testsuite skipped="0" hostname="Pavans-MBP" name="com.zoho.tests.LoginTest" tests="1" failures="0" timestamp="2022-04-16T09:29:18 IST" time="8.304" errors="0">
  <testcase name="loginTest" time="8.304" classname="com.zoho.tests.LoginTest"/>
</testsuite> <!-- com.zoho.tests.LoginTest -->
