<?xml version="1.0" encoding="UTF-8"?>
<!-- Generated by org.testng.reporters.JUnitReportReporter -->
<testsuite hostname="pavans-mbp.home" failures="0" tests="1" name="testcases.CreateProfileTest" time="18.937" errors="0" timestamp="2022-04-27T08:30:10 CEST" skipped="0">
  <testcase classname="testcases.CreateProfileTest" name="createProfileTest" time="18.937"/>
</testsuite> <!-- testcases.CreateProfileTest -->
