<?xml version="1.0" encoding="UTF-8"?>
<!-- Generated by org.testng.reporters.JUnitReportReporter -->
<testsuite skipped="0" hostname="Pavans-MacBook-Pro.local" name="suitec.TestC" tests="1" failures="0" timestamp="2022-04-09T21:00:25 IST" time="0.025" errors="0">
  <testcase name="testC" time="0.025" classname="suitec.TestC"/>
  <system-out/>
</testsuite> <!-- suitec.TestC -->
