<?xml version="1.0" encoding="UTF-8"?>
<!-- Generated by org.testng.reporters.JUnitReportReporter -->
<testsuite skipped="0" hostname="Pavans-MacBook-Pro.local" name="suitea.TestAA" tests="1" failures="0" timestamp="2022-04-09T21:00:30 IST" time="0.034" errors="0">
  <testcase name="testAA" time="0.034" classname="suitea.TestAA"/>
  <system-out/>
</testsuite> <!-- suitea.TestAA -->
