<?xml version="1.0" encoding="UTF-8"?>
<!-- Generated by org.testng.reporters.JUnitReportReporter -->
<testsuite skipped="0" hostname="Pavans-MacBook-Pro.local" name="suitea.TestA" tests="1" failures="0" timestamp="2022-04-09T21:00:20 IST" time="0.549" errors="0">
  <testcase name="testA" time="0.549" classname="suitea.TestA"/>
  <system-out/>
</testsuite> <!-- suitea.TestA -->
