<?xml version="1.0" encoding="UTF-8"?>
<!-- Generated by org.testng.reporters.JUnitReportReporter -->
<testsuite skipped="0" hostname="Pavans-MacBook-Pro.local" name="suitec.TestCC" tests="1" failures="0" timestamp="2022-04-09T21:00:15 IST" time="0.056" errors="0">
  <testcase name="testCC" time="0.056" classname="suitec.TestCC"/>
  <system-out/>
</testsuite> <!-- suitec.TestCC -->
