<?xml version="1.0" encoding="UTF-8"?>
<!-- Generated by org.testng.reporters.JUnitReportReporter -->
<testsuite skipped="0" hostname="Pavans-MBP" name="com.zoho.tests.LoginTest" tests="1" failures="0" timestamp="2022-04-17T22:45:20 IST" time="8.529" errors="0">
  <testcase name="loginTest" time="8.529" classname="com.zoho.tests.LoginTest"/>
</testsuite> <!-- com.zoho.tests.LoginTest -->
