<?xml version="1.0" encoding="UTF-8"?>
<!-- Generated by org.testng.reporters.JUnitReportReporter -->
<testsuite skipped="0" hostname="Pavans-MBP" name="com.zoho.tests.LoginTest2" tests="1" failures="0" timestamp="2022-04-17T22:39:27 IST" time="12.567" errors="0">
  <testcase name="loginTest" time="12.567" classname="com.zoho.tests.LoginTest2"/>
</testsuite> <!-- com.zoho.tests.LoginTest2 -->
