<?xml version="1.0" encoding="UTF-8"?>
<!-- Generated by org.testng.reporters.JUnitReportReporter -->
<testsuite skipped="0" hostname="pavans-mbp.home" name="testcases.rediff.PortfolioManagement" tests="3" failures="0" timestamp="2022-05-06T23:37:34 CEST" time="7.564" errors="0">
  <testcase name="selectPortFolio" time="3.095" classname="testcases.rediff.PortfolioManagement"/>
  <system-out/>
  <testcase name="selectPortFolio" time="1.595" classname="testcases.rediff.PortfolioManagement"/>
  <system-out/>
  <testcase name="selectPortFolio" time="2.874" classname="testcases.rediff.PortfolioManagement"/>
  <system-out/>
</testsuite> <!-- testcases.rediff.PortfolioManagement -->
