<?xml version="1.0" encoding="UTF-8"?>
<!-- Generated by org.testng.reporters.JUnitReportReporter -->
<testsuite hostname="Pavans-MBP" failures="0" tests="1" name="testcases_static_demo.TestA" time="0.008" errors="0" timestamp="2022-04-15T21:46:21 IST" skipped="0">
  <testcase classname="testcases_static_demo.TestA" name="testA" time="0.008"/>
</testsuite> <!-- testcases_static_demo.TestA -->
