<?xml version="1.0" encoding="UTF-8"?>
<!-- Generated by org.testng.reporters.JUnitReportReporter -->
<testsuite hostname="Pavans-MBP" failures="0" tests="1" name="testcases_static_demo.TestC" time="0.008" errors="0" timestamp="2022-04-15T21:46:34 IST" skipped="0">
  <testcase classname="testcases_static_demo.TestC" name="testC" time="0.008"/>
</testsuite> <!-- testcases_static_demo.TestC -->
