<?xml version="1.0" encoding="UTF-8"?>
<!-- Generated by org.testng.reporters.JUnitReportReporter -->
<testsuite hostname="Pavans-MBP" failures="0" tests="1" name="testcases.TestA" time="13.017" errors="0" timestamp="2022-03-29T23:35:35 IST" skipped="0">
  <testcase classname="testcases.TestA" name="testA" time="13.017"/>
</testsuite> <!-- testcases.TestA -->
