<?xml version="1.0" encoding="UTF-8"?>
<!-- Generated by org.testng.reporters.JUnitReportReporter -->
<testsuite hostname="Pavans-MacBook-Pro.local" failures="0" tests="1" name="testcases.TestB" time="4.753" errors="0" timestamp="2022-03-29T19:26:38 IST" skipped="0">
  <testcase classname="testcases.TestB" name="testB" time="4.753"/>
</testsuite> <!-- testcases.TestB -->
