<?xml version="1.0" encoding="UTF-8"?>
<!-- Generated by org.testng.reporters.JUnitReportReporter -->
<testsuite hostname="Pavans-MBP" failures="0" tests="1" name="testcases_static_demo.TestB" time="0.012" errors="0" timestamp="2022-03-29T23:43:45 IST" skipped="0">
  <testcase classname="testcases_static_demo.TestB" name="testB" time="0.012"/>
</testsuite> <!-- testcases_static_demo.TestB -->
