<?xml version="1.0" encoding="UTF-8"?>
<!-- Generated by org.testng.reporters.JUnitReportReporter -->
<testsuite skipped="0" hostname="Pavans-MBP" name="suitea.TestA" tests="2" failures="0" timestamp="2022-03-13T11:26:22 GMT" time="4.576" errors="0">
  <testcase name="testA" time="2.404" classname="suitea.TestA"/>
  <testcase name="testA" time="2.172" classname="suitea.TestA"/>
</testsuite> <!-- suitea.TestA -->
