<?xml version="1.0" encoding="UTF-8"?>
<!-- Generated by org.testng.reporters.JUnitReportReporter -->
<testsuite skipped="0" hostname="Pavans-MBP" name="suitec.TestC" tests="2" failures="0" timestamp="2022-03-13T11:26:22 GMT" time="4.095" errors="0">
  <testcase name="testC" time="2.028" classname="suitec.TestC"/>
  <testcase name="testC" time="2.067" classname="suitec.TestC"/>
</testsuite> <!-- suitec.TestC -->
