<?xml version="1.0" encoding="UTF-8"?>
<!-- Generated by org.testng.reporters.JUnitReportReporter -->
<testsuite skipped="0" hostname="Pavans-MBP" name="suitea.TestAA" tests="2" failures="0" timestamp="2022-03-13T11:26:22 GMT" time="4.096" errors="0">
  <testcase name="testAA" time="2.048" classname="suitea.TestAA"/>
  <testcase name="testAA" time="2.048" classname="suitea.TestAA"/>
</testsuite> <!-- suitea.TestAA -->
