<?xml version="1.0" encoding="UTF-8"?>
<!-- Generated by org.testng.reporters.JUnitReportReporter -->
<testsuite skipped="0" hostname="Pavans-MBP" name="suiteb.TestBB" tests="2" failures="0" timestamp="2022-03-13T11:26:22 GMT" time="4.118" errors="0">
  <testcase name="testBB" time="2.065" classname="suiteb.TestBB"/>
  <testcase name="testBB" time="2.053" classname="suiteb.TestBB"/>
</testsuite> <!-- suiteb.TestBB -->
