<?xml version="1.0" encoding="UTF-8"?>
<!-- Generated by org.testng.reporters.JUnitReportReporter -->
<testsuite skipped="0" hostname="Pavans-MBP" name="suitec.TestCC" tests="3" failures="0" timestamp="2022-03-13T11:26:22 GMT" time="6.234" errors="0">
  <testcase name="testCC" time="2.049" classname="suitec.TestCC"/>
  <testcase name="testCC" time="2.139" classname="suitec.TestCC"/>
  <testcase name="testCC" time="2.046" classname="suitec.TestCC"/>
</testsuite> <!-- suitec.TestCC -->
