<?xml version="1.0" encoding="UTF-8"?>
<!-- Generated by org.testng.reporters.JUnitReportReporter -->
<testsuite skipped="0" hostname="Pavans-MBP" name="suiteb.TestB" tests="2" failures="0" timestamp="2022-03-13T11:26:22 GMT" time="4.088" errors="0">
  <testcase name="testB" time="2.032" classname="suiteb.TestB"/>
  <testcase name="testB" time="2.056" classname="suiteb.TestB"/>
</testsuite> <!-- suiteb.TestB -->
