<?xml version="1.0" encoding="UTF-8"?>
<!-- Generated by org.testng.reporters.JUnitReportReporter -->
<testsuite hostname="pavans-mbp.home" failures="0" tests="1" name="com.zoho.tests.LoginTest" time="7.975" errors="0" timestamp="2022-04-27T12:07:44 CEST" skipped="0">
  <testcase classname="com.zoho.tests.LoginTest" name="loginTest" time="7.975"/>
  <system-out/>
</testsuite> <!-- com.zoho.tests.LoginTest -->
