<?xml version="1.0" encoding="UTF-8"?>
<!-- Generated by org.testng.reporters.JUnitReportReporter -->
<testsuite hostname="Pavans-MBP" failures="0" tests="1" name="dummy.LoginTest" time="8.101" errors="0" timestamp="2022-04-09T00:20:07 IST" skipped="0">
  <testcase classname="dummy.LoginTest" name="loginTest" time="8.101"/>
  <system-out/>
</testsuite> <!-- dummy.LoginTest -->
