<?xml version="1.0" encoding="UTF-8"?>
<!-- Generated by org.testng.reporters.JUnitReportReporter -->
<testsuite hostname="pavans-mbp.home" failures="0" tests="2" name="testcases.PaymentManager" time="0.000" errors="0" timestamp="2022-04-26T20:41:24 CEST" skipped="0">
  <testcase classname="testcases.PaymentManager" name="makePayment" time="0.000"/>
  <system-out/>
  <testcase classname="testcases.PaymentManager" name="applyDiscount" time="0.000"/>
  <system-out/>
</testsuite> <!-- testcases.PaymentManager -->
