<?xml version="1.0" encoding="UTF-8"?>
<!-- Generated by org.testng.reporters.JUnitReportReporter -->
<testsuite hostname="pavans-mbp.home" failures="0" tests="3" name="testcases.BookingSearch" time="0.006" errors="0" timestamp="2022-04-26T20:41:24 CEST" skipped="0">
  <testcase classname="testcases.BookingSearch" name="selectHotel" time="0.000"/>
  <system-out/>
  <testcase classname="testcases.BookingSearch" name="searchHotel" time="0.005"/>
  <system-out/>
  <testcase classname="testcases.BookingSearch" name="enterGuestInfo" time="0.001"/>
  <system-out/>
</testsuite> <!-- testcases.BookingSearch -->
