<?xml version="1.0" encoding="UTF-8"?>
<!-- Generated by org.testng.reporters.JUnitReportReporter -->
<testsuite skipped="0" hostname="Pavans-MacBook-Pro.local" name="suiteb.TestBB" tests="2" failures="0" timestamp="2022-04-11T19:42:08 IST" time="0.041" errors="0">
  <testcase name="testBB" time="0.032" classname="suiteb.TestBB"/>
  <testcase name="testBB" time="0.009" classname="suiteb.TestBB"/>
</testsuite> <!-- suiteb.TestBB -->
