<?xml version="1.0" encoding="UTF-8"?>
<!-- Generated by org.testng.reporters.JUnitReportReporter -->
<testsuite skipped="0" hostname="Pavans-MacBook-Pro.local" name="suitec.TestC" tests="2" failures="0" timestamp="2022-04-11T19:42:03 IST" time="0.054" errors="0">
  <testcase name="testC" time="0.034" classname="suitec.TestC"/>
  <testcase name="testC" time="0.020" classname="suitec.TestC"/>
</testsuite> <!-- suitec.TestC -->
