<?xml version="1.0" encoding="UTF-8"?>
<!-- Generated by org.testng.reporters.JUnitReportReporter -->
<testsuite skipped="0" hostname="pavans-mbp.home" name="testcases.rediff.Session" tests="1" failures="0" timestamp="2022-05-06T22:01:25 CEST" time="9.798" errors="0">
  <testcase name="doLogin" time="9.798" classname="testcases.rediff.Session"/>
  <system-out/>
</testsuite> <!-- testcases.rediff.Session -->
