<?xml version="1.0" encoding="UTF-8"?>
<!-- Generated by org.testng.reporters.JUnitReportReporter -->
<testsuite skipped="0" hostname="pavans-mbp.home" name="testcases.rediff.PortfolioManagement" tests="1" failures="0" timestamp="2022-05-06T22:01:25 CEST" time="13.911" errors="0">
  <testcase name="createPortfolio" time="13.911" classname="testcases.rediff.PortfolioManagement"/>
  <system-out/>
</testsuite> <!-- testcases.rediff.PortfolioManagement -->
