<?xml version="1.0" encoding="UTF-8"?>
<!-- Generated by org.testng.reporters.JUnitReportReporter -->
<testsuite skipped="0" hostname="pavans-mbp.home" name="testcases.rediff.PortfolioManagement" tests="2" failures="0" timestamp="2022-05-08T09:06:17 CEST" time="7.443" errors="0">
  <testcase name="deletePortfolio" time="2.764" classname="testcases.rediff.PortfolioManagement"/>
  <system-out/>
  <testcase name="createPortfolio" time="4.679" classname="testcases.rediff.PortfolioManagement"/>
  <system-out/>
</testsuite> <!-- testcases.rediff.PortfolioManagement -->
