<?xml version="1.0" encoding="UTF-8"?>
<!-- Generated by org.testng.reporters.JUnitReportReporter -->
<testsuite skipped="0" hostname="pavans-mbp.home" name="testcases.rediff.StockManagement" tests="8" failures="0" timestamp="2022-05-06T23:21:44 CEST" time="17.001" errors="0">
  <testcase name="verifyStockPresent" time="0.393" classname="testcases.rediff.StockManagement"/>
  <system-out/>
  <testcase name="verifyStockQuantity" time="0.277" classname="testcases.rediff.StockManagement"/>
  <system-out/>
  <testcase name="verifyTransactionHistory" time="1.312" classname="testcases.rediff.StockManagement"/>
  <system-out/>
  <testcase name="addNewStock" time="7.716" classname="testcases.rediff.StockManagement"/>
  <system-out/>
  <testcase name="verifyTransactionHistory" time="0.885" classname="testcases.rediff.StockManagement"/>
  <system-out/>
  <testcase name="verifyStockPresent" time="0.871" classname="testcases.rediff.StockManagement"/>
  <system-out/>
  <testcase name="modifyStock" time="4.507" classname="testcases.rediff.StockManagement"/>
  <system-out/>
  <testcase name="verifyStockQuantity" time="1.040" classname="testcases.rediff.StockManagement"/>
  <system-out/>
</testsuite> <!-- testcases.rediff.StockManagement -->
