<?xml version="1.0" encoding="UTF-8"?>
<!-- Generated by org.testng.reporters.JUnitReportReporter -->
<testsuite hostname="pavans-mbp.home" failures="0" tests="1" name="testcases.CreateProfileTest" time="8.597" errors="0" timestamp="2022-04-28T16:21:42 CEST" skipped="0">
  <testcase classname="testcases.CreateProfileTest" name="createProfileTest" time="8.597"/>
</testsuite> <!-- testcases.CreateProfileTest -->
