<?xml version="1.0" encoding="UTF-8"?>
<!-- Generated by org.testng.reporters.JUnitReportReporter -->
<testsuite hostname="Pavans-MBP" failures="0" tests="1" name="dummy.LoginTest" time="0.008" errors="0" timestamp="2022-04-17T23:47:29 IST" skipped="0">
  <testcase classname="dummy.LoginTest" name="loginTest" time="0.008"/>
  <system-out/>
</testsuite> <!-- dummy.LoginTest -->
