<?xml version="1.0" encoding="UTF-8"?>
<!-- Generated by org.testng.reporters.JUnitReportReporter -->
<testsuite hostname="Pavans-MacBook-Pro.local" failures="0" tests="1" name="testcases.TestA" time="11.326" errors="0" timestamp="2022-03-29T19:23:08 IST" skipped="0">
  <testcase classname="testcases.TestA" name="testA" time="11.326"/>
</testsuite> <!-- testcases.TestA -->
