<?xml version="1.0" encoding="UTF-8"?>
<!-- Generated by org.testng.reporters.JUnitReportReporter -->
<testsuite hostname="pavans-mbp.home" failures="0" tests="1" name="testcases.CreateProfileTest" time="9.559" errors="0" timestamp="2022-05-07T11:53:31 CEST" skipped="0">
  <testcase classname="testcases.CreateProfileTest" name="createProfileTest" time="9.559"/>
</testsuite> <!-- testcases.CreateProfileTest -->
