<?xml version="1.0" encoding="UTF-8"?>
<!-- Generated by org.testng.reporters.JUnitReportReporter -->
<testsuite skipped="0" hostname="pavans-mbp.home" name="testcases.rediff.PortfolioManagement" tests="1" failures="0" timestamp="2022-05-06T20:17:53 CEST" time="0.003" errors="0">
  <testcase name="createPortfolio" time="0.003" classname="testcases.rediff.PortfolioManagement"/>
  <system-out/>
</testsuite> <!-- testcases.rediff.PortfolioManagement -->
