<?xml version="1.0" encoding="UTF-8"?>
<!-- Generated by org.testng.reporters.JUnitReportReporter -->
<testsuite hostname="pavans-mbp.home" failures="0" tests="2" name="testcases.rediff.PortfolioManagement" time="3.020" errors="0" timestamp="2022-05-01T08:27:37 CEST" skipped="0">
  <testcase classname="testcases.rediff.PortfolioManagement" name="createPortfolio" time="3.008"/>
  <system-out/>
  <testcase classname="testcases.rediff.PortfolioManagement" name="deletePortfolio" time="0.012"/>
  <system-out/>
</testsuite> <!-- testcases.rediff.PortfolioManagement -->
