<?xml version="1.0" encoding="UTF-8"?>
<!-- Generated by org.testng.reporters.JUnitReportReporter -->
<testsuite hostname="pavans-mbp.home" failures="0" tests="1" name="testcases.Login" time="0.006" errors="0" timestamp="2022-04-26T18:55:12 CEST" skipped="0">
  <testcase classname="testcases.Login" name="doLogin" time="0.006"/>
  <system-out/>
</testsuite> <!-- testcases.Login -->
