<?xml version="1.0" encoding="UTF-8"?>
<!-- Generated by org.testng.reporters.JUnitReportReporter -->
<testsuite hostname="pavans-mbp.home" failures="0" tests="1" name="testcases.DiscountApplicable" time="0.001" errors="0" timestamp="2022-04-26T18:35:35 CEST" skipped="0">
  <testcase classname="testcases.DiscountApplicable" name="doDiscountApplicable" time="0.001"/>
  <system-out/>
</testsuite> <!-- testcases.DiscountApplicable -->
