<?xml version="1.0" encoding="UTF-8"?>
<!-- Generated by org.testng.reporters.JUnitReportReporter -->
<testsuite hostname="pavans-mbp.home" failures="0" tests="1" name="testcases.DeleteProfile" time="0.000" errors="0" timestamp="2022-04-26T18:55:12 CEST" skipped="0">
  <testcase classname="testcases.DeleteProfile" name="doDeleteProfile" time="0.000"/>
  <system-out/>
</testsuite> <!-- testcases.DeleteProfile -->
