<?xml version="1.0" encoding="UTF-8"?>
<!-- Generated by org.testng.reporters.JUnitReportReporter -->
<testsuite hostname="Pavans-MacBook-Pro.local" failures="0" tests="1" name="testcases.CreateProfileTest" time="13.460" errors="0" timestamp="2022-04-22T21:32:57 IST" skipped="0">
  <testcase classname="testcases.CreateProfileTest" name="createProfileTest" time="13.460"/>
</testsuite> <!-- testcases.CreateProfileTest -->
