<?xml version="1.0" encoding="UTF-8"?>
<!-- Generated by org.testng.reporters.JUnitReportReporter -->
<testsuite hostname="pavans-mbp.home" failures="0" tests="1" name="testcases.Register" time="0.001" errors="0" timestamp="2022-04-26T18:55:12 CEST" skipped="0">
  <testcase classname="testcases.Register" name="doRegister" time="0.001"/>
  <system-out/>
</testsuite> <!-- testcases.Register -->
