<?xml version="1.0" encoding="UTF-8"?>
<!-- Generated by org.testng.reporters.JUnitReportReporter -->
<testsuite hostname="pavans-mbp.home" failures="0" tests="2" name="testcases.rediff.Session" time="7.514" errors="0" timestamp="2022-05-01T08:27:37 CEST" skipped="0">
  <testcase classname="testcases.rediff.Session" name="doLogin" time="2.915"/>
  <system-out/>
  <testcase classname="testcases.rediff.Session" name="doLogin" time="4.599"/>
  <system-out/>
</testsuite> <!-- testcases.rediff.Session -->
