<?xml version="1.0" encoding="UTF-8"?>
<!-- Generated by org.testng.reporters.JUnitReportReporter -->
<testsuite hostname="Pavans-MacBook-Pro.local" failures="0" tests="1" name="testcases.TestB" time="2.007" errors="0" timestamp="2022-03-29T17:24:43 IST" skipped="0">
  <testcase classname="testcases.TestB" name="testB" time="2.007"/>
  <system-out/>
</testsuite> <!-- testcases.TestB -->
