<?xml version="1.0" encoding="UTF-8"?>
<!-- Generated by org.testng.reporters.JUnitReportReporter -->
<testsuite hostname="Pavans-MBP" failures="0" tests="1" name="testcases_3.TestA" time="7.428" errors="0" timestamp="2022-04-15T21:43:08 IST" skipped="0">
  <testcase classname="testcases_3.TestA" name="testA" time="7.428"/>
  <system-out/>
</testsuite> <!-- testcases_3.TestA -->
