<?xml version="1.0" encoding="UTF-8"?>
<!-- Generated by org.testng.reporters.JUnitReportReporter -->
<testsuite hostname="Pavans-MacBook-Pro.local" failures="0" tests="1" name="testcases_2.TestB" time="4.627" errors="0" timestamp="2022-03-29T17:26:51 IST" skipped="0">
  <testcase classname="testcases_2.TestB" name="testB" time="4.627"/>
  <system-out/>
</testsuite> <!-- testcases_2.TestB -->
