<?xml version="1.0" encoding="UTF-8"?>
<!-- Generated by org.testng.reporters.JUnitReportReporter -->
<testsuite hostname="Pavans-MacBook-Pro.local" failures="0" tests="1" name="testcases_2.TestA" time="12.980" errors="0" timestamp="2022-03-29T17:26:51 IST" skipped="0">
  <testcase classname="testcases_2.TestA" name="testA" time="12.980"/>
  <system-out/>
</testsuite> <!-- testcases_2.TestA -->
