<?xml version="1.0" encoding="UTF-8"?>
<!-- Generated by org.testng.reporters.JUnitReportReporter -->
<testsuite hostname="Pavans-MBP" failures="0" tests="1" name="testcases.CreateProfileTest" time="0.008" errors="0" timestamp="2022-04-19T10:55:24 IST" skipped="0">
  <testcase classname="testcases.CreateProfileTest" name="createProfileTest" time="0.008"/>
  <system-out/>
</testsuite> <!-- testcases.CreateProfileTest -->
