<?xml version="1.0" encoding="UTF-8"?>
<!-- Generated by org.testng.reporters.JUnitReportReporter -->
<testsuite hostname="Pavans-MacBook-Pro.local" failures="0" tests="1" name="testcases.RegTest" time="0.034" errors="0" timestamp="2022-03-10T09:39:16 GMT" skipped="0">
  <testcase classname="testcases.RegTest" name="doRegister" time="0.034"/>
</testsuite> <!-- testcases.RegTest -->
