<?xml version="1.0" encoding="UTF-8"?>
<!-- Generated by org.testng.reporters.JUnitReportReporter -->
<testsuite hostname="Pavans-MBP" failures="0" tests="1" name="arevision.LoginTestRevision" time="9.412" errors="0" timestamp="2022-04-02T04:32:50 IST" skipped="0">
  <testcase classname="arevision.LoginTestRevision" name="loginTest" time="9.412"/>
  <system-out/>
</testsuite> <!-- arevision.LoginTestRevision -->
