<?xml version="1.0" encoding="UTF-8"?>
<!-- Generated by org.testng.reporters.JUnitReportReporter -->
<testsuite hostname="pavans-mbp.home" failures="0" tests="2" name="testcases.rediff.PortfolioManagement" time="3.181" errors="0" timestamp="2022-05-01T01:10:50 CEST" skipped="0">
  <testcase classname="testcases.rediff.PortfolioManagement" name="deletePortfolio" time="0.009"/>
  <system-out/>
  <testcase classname="testcases.rediff.PortfolioManagement" name="createPortfolio" time="3.172"/>
  <system-out/>
</testsuite> <!-- testcases.rediff.PortfolioManagement -->
