<?xml version="1.0" encoding="UTF-8"?>
<!-- Generated by org.testng.reporters.JUnitReportReporter -->
<testsuite hostname="Pavans-MBP" failures="0" tests="1" name="testcases.LoginTest" time="9.185" errors="0" timestamp="2022-04-01T13:12:52 IST" skipped="0">
  <testcase classname="testcases.LoginTest" name="loginTest" time="9.185"/>
  <system-out/>
</testsuite> <!-- testcases.LoginTest -->
