<?xml version="1.0" encoding="UTF-8"?>
<!-- Generated by org.testng.reporters.JUnitReportReporter -->
<testsuite hostname="Pavans-MBP" failures="0" tests="1" name="testcases.LoginTestMy" time="11.207" errors="0" timestamp="2022-04-01T13:01:03 IST" skipped="0">
  <testcase classname="testcases.LoginTestMy" name="loginTest" time="11.207"/>
  <system-out/>
</testsuite> <!-- testcases.LoginTestMy -->
