<?xml version="1.0" encoding="UTF-8"?>
<!-- Generated by org.testng.reporters.JUnitReportReporter -->
<testsuite skipped="0" hostname="Pavans-MacBook-Pro.local" name="suitec.TestCC" tests="1" failures="0" timestamp="2022-03-10T09:44:44 GMT" time="2.062" errors="0">
  <testcase name="testCC" time="2.062" classname="suitec.TestCC"/>
</testsuite> <!-- suitec.TestCC -->
