<?xml version="1.0" encoding="UTF-8"?>
<!-- Generated by org.testng.reporters.JUnitReportReporter -->
<testsuite skipped="0" hostname="Pavans-MacBook-Pro.local" name="suitea.TestA" tests="2" failures="0" timestamp="2022-03-10T18:44:13 GMT" time="4.611" errors="0">
  <testcase name="testA" time="2.171" classname="suitea.TestA"/>
  <testcase name="testA" time="2.440" classname="suitea.TestA"/>
</testsuite> <!-- suitea.TestA -->
