<?xml version="1.0" encoding="UTF-8"?>
<!-- Generated by org.testng.reporters.JUnitReportReporter -->
<testsuite skipped="0" hostname="Pavans-MacBook-Pro.local" name="suiteb.TestB" tests="1" failures="0" timestamp="2022-03-10T09:44:54 GMT" time="2.067" errors="0">
  <testcase name="testB" time="2.067" classname="suiteb.TestB"/>
</testsuite> <!-- suiteb.TestB -->
