<?xml version="1.0" encoding="UTF-8"?>
<!-- Generated by org.testng.reporters.JUnitReportReporter -->
<testsuite skipped="0" hostname="Pavans-MacBook-Pro.local" name="suitec.TestC" tests="1" failures="0" timestamp="2022-03-10T09:44:34 GMT" time="2.044" errors="0">
  <testcase name="testC" time="2.044" classname="suitec.TestC"/>
</testsuite> <!-- suitec.TestC -->
