<?xml version="1.0" encoding="UTF-8"?>
<!-- Generated by org.testng.reporters.JUnitReportReporter -->
<testsuite skipped="0" hostname="Pavans-MacBook-Pro.local" name="suiteb.TestBB" tests="2" failures="0" timestamp="2022-04-09T22:40:43 IST" time="0.085" errors="0">
  <testcase name="testBB" time="0.028" classname="suiteb.TestBB"/>
  <testcase name="testBB" time="0.057" classname="suiteb.TestBB"/>
</testsuite> <!-- suiteb.TestBB -->
