<?xml version="1.0" encoding="UTF-8"?>
<!-- Generated by org.testng.reporters.JUnitReportReporter -->
<testsuite skipped="0" hostname="Pavans-MacBook-Pro.local" name="suitec.TestC" tests="2" failures="0" timestamp="2022-04-09T22:40:28 IST" time="0.156" errors="0">
  <testcase name="testC" time="0.128" classname="suitec.TestC"/>
  <testcase name="testC" time="0.028" classname="suitec.TestC"/>
</testsuite> <!-- suitec.TestC -->
