<?xml version="1.0" encoding="UTF-8"?>
<!-- Generated by org.testng.reporters.JUnitReportReporter -->
<testsuite skipped="0" hostname="Pavans-MacBook-Pro.local" name="suitea.TestA" tests="2" failures="0" timestamp="2022-04-09T22:40:53 IST" time="0.545" errors="0">
  <testcase name="testA" time="0.034" classname="suitea.TestA"/>
  <testcase name="testA" time="0.511" classname="suitea.TestA"/>
</testsuite> <!-- suitea.TestA -->
