<?xml version="1.0" encoding="UTF-8"?>
<!-- Generated by org.testng.reporters.JUnitReportReporter -->
<testsuite skipped="0" hostname="Pavans-MacBook-Pro.local" name="suitea.TestAA" tests="2" failures="0" timestamp="2022-04-09T22:40:33 IST" time="0.071" errors="0">
  <testcase name="testAA" time="0.047" classname="suitea.TestAA"/>
  <testcase name="testAA" time="0.024" classname="suitea.TestAA"/>
</testsuite> <!-- suitea.TestAA -->
