<?xml version="1.0" encoding="UTF-8"?>
<!-- Generated by org.testng.reporters.JUnitReportReporter -->
<testsuite skipped="0" hostname="Pavans-MacBook-Pro.local" name="suitec.TestCC" tests="2" failures="0" timestamp="2022-04-09T22:40:38 IST" time="0.064" errors="0">
  <testcase name="testCC" time="0.050" classname="suitec.TestCC"/>
  <testcase name="testCC" time="0.014" classname="suitec.TestCC"/>
</testsuite> <!-- suitec.TestCC -->
