<?xml version="1.0" encoding="UTF-8"?>
<!-- Generated by org.testng.reporters.JUnitReportReporter -->
<testsuite skipped="0" hostname="Pavans-MacBook-Pro.local" name="suiteb.TestB" tests="2" failures="0" timestamp="2022-04-09T22:40:48 IST" time="0.060" errors="0">
  <testcase name="testB" time="0.022" classname="suiteb.TestB"/>
  <testcase name="testB" time="0.038" classname="suiteb.TestB"/>
</testsuite> <!-- suiteb.TestB -->
