<?xml version="1.0" encoding="UTF-8"?>
<!-- Generated by org.testng.reporters.JUnitReportReporter -->
<testsuite skipped="0" hostname="pavans-mbp.home" name="testcases.rediff.PortfolioManagement" tests="2" failures="0" timestamp="2022-05-06T20:28:27 CEST" time="0.008" errors="0">
  <testcase name="deletePortfolio" time="0.004" classname="testcases.rediff.PortfolioManagement"/>
  <system-out/>
  <testcase name="createPortfolio" time="0.004" classname="testcases.rediff.PortfolioManagement"/>
  <system-out/>
</testsuite> <!-- testcases.rediff.PortfolioManagement -->
