<?xml version="1.0" encoding="UTF-8"?>
<!-- Generated by org.testng.reporters.JUnitReportReporter -->
<testsuite skipped="0" hostname="pavans-mbp.home" name="testcases.rediff.Session" tests="2" failures="0" timestamp="2022-05-06T20:28:27 CEST" time="14.985" errors="0">
  <testcase name="doLogin" time="6.933" classname="testcases.rediff.Session"/>
  <system-out/>
  <testcase name="doLogin" time="8.052" classname="testcases.rediff.Session"/>
  <system-out/>
</testsuite> <!-- testcases.rediff.Session -->
