<?xml version="1.0" encoding="UTF-8"?>
<!-- Generated by org.testng.reporters.JUnitReportReporter -->
<testsuite hostname="Pavans-MBP" failures="0" tests="1" name="testcases.LoginTest" time="11.661" errors="0" timestamp="2022-04-15T21:57:48 IST" skipped="0">
  <testcase classname="testcases.LoginTest" name="loginTest" time="11.661"/>
</testsuite> <!-- testcases.LoginTest -->
